[debug] [2021-11-10T18:24:54.768Z] ----------------------------------------------------------------------
[debug] [2021-11-10T18:24:54.770Z] Command:       C:\Program Files\nodejs\node.exe C:\Users\mohan\AppData\Roaming\npm\node_modules\firebase-tools\lib\bin\firebase.js deploy
[debug] [2021-11-10T18:24:54.770Z] CLI Version:   9.22.0
[debug] [2021-11-10T18:24:54.771Z] Platform:      win32
[debug] [2021-11-10T18:24:54.771Z] Node Version:  v16.13.0
[debug] [2021-11-10T18:24:54.771Z] Time:          Wed Nov 10 2021 23:54:54 GMT+0530 (India Standard Time)
[debug] [2021-11-10T18:24:54.771Z] ----------------------------------------------------------------------
[debug] 
[debug] [2021-11-10T18:24:54.877Z] > command requires scopes: ["email","openid","https://www.googleapis.com/auth/cloudplatformprojects.readonly","https://www.googleapis.com/auth/firebase","https://www.googleapis.com/auth/cloud-platform"]
[debug] [2021-11-10T18:24:54.877Z] > authorizing via signed-in user (1931022mss@cit.edu.in)
[debug] [2021-11-10T18:24:54.877Z] [iam] checking project snatask-7a1f7 for permissions ["firebase.projects.get","firebasehosting.sites.update"]
[debug] [2021-11-10T18:24:54.879Z] > refreshing access token with scopes: ["email","https://www.googleapis.com/auth/cloud-platform","https://www.googleapis.com/auth/cloudplatformprojects.readonly","https://www.googleapis.com/auth/firebase","openid"]
[debug] [2021-11-10T18:24:54.879Z] >>> HTTP REQUEST POST https://www.googleapis.com/oauth2/v3/token  
 <request body omitted>
[debug] [2021-11-10T18:24:55.791Z] <<< HTTP RESPONSE 200 {"date":"Wed, 10 Nov 2021 18:24:54 GMT","cache-control":"no-cache, no-store, max-age=0, must-revalidate","pragma":"no-cache","expires":"Mon, 01 Jan 1990 00:00:00 GMT","content-type":"application/json; charset=utf-8","vary":"X-Origin, Referer, Origin,Accept-Encoding","server":"scaffolding on HTTPServer2","x-xss-protection":"0","x-frame-options":"SAMEORIGIN","x-content-type-options":"nosniff","alt-svc":"h3=\":443\"; ma=2592000,h3-29=\":443\"; ma=2592000,h3-Q050=\":443\"; ma=2592000,h3-Q046=\":443\"; ma=2592000,h3-Q043=\":443\"; ma=2592000,quic=\":443\"; ma=2592000; v=\"46,43\"","accept-ranges":"none","transfer-encoding":"chunked"}
[debug] [2021-11-10T18:24:55.805Z] >>> HTTP REQUEST POST https://cloudresourcemanager.googleapis.com/v1/projects/snatask-7a1f7:testIamPermissions  
 {"permissions":["firebase.projects.get","firebasehosting.sites.update"]}
[debug] [2021-11-10T18:24:57.609Z] <<< HTTP RESPONSE 200 {"content-type":"application/json; charset=UTF-8","vary":"X-Origin, Referer, Origin,Accept-Encoding","date":"Wed, 10 Nov 2021 18:24:55 GMT","server":"ESF","cache-control":"private","x-xss-protection":"0","x-frame-options":"SAMEORIGIN","x-content-type-options":"nosniff","server-timing":"gfet4t7; dur=1233","alt-svc":"h3=\":443\"; ma=2592000,h3-29=\":443\"; ma=2592000,h3-Q050=\":443\"; ma=2592000,h3-Q046=\":443\"; ma=2592000,h3-Q043=\":443\"; ma=2592000,quic=\":443\"; ma=2592000; v=\"46,43\"","accept-ranges":"none","transfer-encoding":"chunked"}
[debug] [2021-11-10T18:24:57.612Z] > refreshing access token with scopes: []
[debug] [2021-11-10T18:24:57.612Z] >>> HTTP REQUEST POST https://www.googleapis.com/oauth2/v3/token  
 <request body omitted>
[debug] [2021-11-10T18:24:58.140Z] <<< HTTP RESPONSE 200 {"cache-control":"no-cache, no-store, max-age=0, must-revalidate","expires":"Mon, 01 Jan 1990 00:00:00 GMT","date":"Wed, 10 Nov 2021 18:24:56 GMT","pragma":"no-cache","content-type":"application/json; charset=utf-8","vary":"X-Origin, Referer, Origin,Accept-Encoding","server":"scaffolding on HTTPServer2","x-xss-protection":"0","x-frame-options":"SAMEORIGIN","x-content-type-options":"nosniff","alt-svc":"h3=\":443\"; ma=2592000,h3-29=\":443\"; ma=2592000,h3-Q050=\":443\"; ma=2592000,h3-Q046=\":443\"; ma=2592000,h3-Q043=\":443\"; ma=2592000,quic=\":443\"; ma=2592000; v=\"46,43\"","accept-ranges":"none","transfer-encoding":"chunked"}
[debug] [2021-11-10T18:24:58.208Z] >>> [apiv2][query] GET https://firebase.googleapis.com/v1beta1/projects/snatask-7a1f7 [none]
[debug] [2021-11-10T18:24:58.648Z] Failed to make request to https://firebase.googleapis.com/v1beta1/projects/snatask-7a1f7
[debug] [2021-11-10T18:24:59.047Z] FirebaseError: Failed to make request to https://firebase.googleapis.com/v1beta1/projects/snatask-7a1f7
    at Client.doRequest (C:\Users\mohan\AppData\Roaming\npm\node_modules\firebase-tools\lib\apiv2.js:213:19)
    at processTicksAndRejections (node:internal/process/task_queues:96:5)
    at async Client.request (C:\Users\mohan\AppData\Roaming\npm\node_modules\firebase-tools\lib\apiv2.js:96:20)
    at async Object.getFirebaseProject (C:\Users\mohan\AppData\Roaming\npm\node_modules\firebase-tools\lib\management\projects.js:290:21)
    at async Object.getDefaultHostingSite (C:\Users\mohan\AppData\Roaming\npm\node_modules\firebase-tools\lib\getDefaultHostingSite.js:8:21)
    at async requireHostingSite (C:\Users\mohan\AppData\Roaming\npm\node_modules\firebase-tools\lib\requireHostingSite.js:9:18)
    at async Object.fn (C:\Users\mohan\AppData\Roaming\npm\node_modules\firebase-tools\lib\commands\deploy.js:73:9)
    at async C:\Users\mohan\AppData\Roaming\npm\node_modules\firebase-tools\lib\command.js:188:17
[error] 
[error] Error: Failed to get Firebase project snatask-7a1f7. Please make sure the project exists and your account has permission to access it.
